<?xml version="1.0" encoding="UTF-8"?>
<!-- Generated by org.testng.reporters.JUnitXMLReporter -->
<testsuite ignored="4" hostname="DESKTOP-KJ5BE7L" failures="0" tests="2" name="Change Pass" time="64.63" errors="0" timestamp="2022-03-10T12:41:18 PKT">
  <testcase classname="Tests.TestVeeDoc_ChangePassword" name="Veedoc_ChangeNewPassword" time="21.766"/>
  <testcase classname="Tests.TestVeeDoc_ChangePassword" name="Veedoc_ChangeOldPassword" time="21.577"/>
  <testcase classname="Tests.Reports" name="@AfterSuite teardownReport" time="0.0">
    <ignored/>
  </testcase> <!-- @AfterSuite teardownReport -->
  <testcase classname="Tests.BaseClass" name="@BeforeTest setup" time="0.0">
    <ignored/>
  </testcase> <!-- @BeforeTest setup -->
  <testcase classname="Tests.Reports" name="@BeforeSuite setupReport" time="0.0">
    <ignored/>
  </testcase> <!-- @BeforeSuite setupReport -->
  <testcase classname="Tests.BaseClass" name="@AfterTest teardown" time="0.0">
    <ignored/>
  </testcase> <!-- @AfterTest teardown -->
</testsuite> <!-- Change Pass -->
