<?xml version="1.0" encoding="UTF-8"?>
<!-- Generated by org.testng.reporters.JUnitXMLReporter -->
<testsuite ignored="4" hostname="Hassaan" failures="0" tests="3" name="Endpoint Session" time="245.552" errors="0" timestamp="2022-08-05T15:57:14 PKT">
  <testcase classname="Tests.TestVeeDoc_EndPointSession" name="Veedoc_OfflineEndpointFavourite" time="36.986"/>
  <testcase classname="Tests.TestVeeDoc_EndPointSession" name="Veedoc_ConnectEndpoint" time="94.243"/>
  <testcase classname="Tests.TestVeeDoc_EndPointSession" name="Veedoc_BusyEndpoint" time="98.985"/>
  <testcase classname="Tests.Reports" name="@AfterSuite teardownReport" time="0.0">
    <ignored/>
  </testcase> <!-- @AfterSuite teardownReport -->
  <testcase classname="Tests.BaseClass" name="@BeforeTest setup" time="0.0">
    <ignored/>
  </testcase> <!-- @BeforeTest setup -->
  <testcase classname="Tests.Reports" name="@BeforeSuite setupReport" time="0.0">
    <ignored/>
  </testcase> <!-- @BeforeSuite setupReport -->
  <testcase classname="Tests.BaseClass" name="@AfterTest teardown" time="0.0">
    <ignored/>
  </testcase> <!-- @AfterTest teardown -->
</testsuite> <!-- Endpoint Session -->
