<?xml version="1.0" encoding="UTF-8"?>
<!-- Generated by org.testng.reporters.JUnitXMLReporter -->
<testsuite ignored="4" hostname="Hassaan" failures="0" tests="2" name="Group Session" time="66.487" errors="0" timestamp="2022-08-05T15:48:45 PKT">
  <testcase classname="Tests.TestVeeDoc_GroupSessions" name="Veedoc_AddGroupAppointment" time="44.317"/>
  <testcase classname="Tests.TestVeeDoc_GroupSessions" name="Veedoc_DeleteGroupAppointment" time="8.079"/>
  <testcase classname="Tests.Reports" name="@AfterSuite teardownReport" time="0.0">
    <ignored/>
  </testcase> <!-- @AfterSuite teardownReport -->
  <testcase classname="Tests.BaseClass" name="@BeforeTest setup" time="0.0">
    <ignored/>
  </testcase> <!-- @BeforeTest setup -->
  <testcase classname="Tests.Reports" name="@BeforeSuite setupReport" time="0.0">
    <ignored/>
  </testcase> <!-- @BeforeSuite setupReport -->
  <testcase classname="Tests.BaseClass" name="@AfterTest teardown" time="0.0">
    <ignored/>
  </testcase> <!-- @AfterTest teardown -->
</testsuite> <!-- Group Session -->
