<?xml version="1.0" encoding="UTF-8"?>
<!-- Generated by org.testng.reporters.JUnitXMLReporter -->
<testsuite ignored="4" hostname="Hassaan" failures="0" tests="2" name="Search Appointment" time="71.982" errors="0" timestamp="2022-08-05T15:51:32 PKT">
  <testcase classname="Tests.TestVeeDoc_SearchAppointment" name="Veedoc_QuickAppointment" time="37.573"/>
  <testcase classname="Tests.TestVeeDoc_SearchAppointment" name="VeeDoc_SearchAppointment" time="19.054"/>
  <testcase classname="Tests.Reports" name="@AfterSuite teardownReport" time="0.0">
    <ignored/>
  </testcase> <!-- @AfterSuite teardownReport -->
  <testcase classname="Tests.BaseClass" name="@BeforeTest setup" time="0.0">
    <ignored/>
  </testcase> <!-- @BeforeTest setup -->
  <testcase classname="Tests.Reports" name="@BeforeSuite setupReport" time="0.0">
    <ignored/>
  </testcase> <!-- @BeforeSuite setupReport -->
  <testcase classname="Tests.BaseClass" name="@AfterTest teardown" time="0.0">
    <ignored/>
  </testcase> <!-- @AfterTest teardown -->
</testsuite> <!-- Search Appointment -->
