<?xml version="1.0" encoding="UTF-8"?>
<!-- Generated by org.testng.reporters.JUnitXMLReporter -->
<testsuite ignored="0" hostname="Hassaan" failures="0" tests="3" name="Default test" time="221.653" errors="0" timestamp="2022-08-05T15:39:41 PKT">
  <testcase classname="Tests.TestVeeDoc_EndPointSession" name="Veedoc_OfflineEndpointFavourite" time="37.099"/>
  <testcase classname="Tests.TestVeeDoc_EndPointSession" name="Veedoc_ConnectEndpoint" time="70.798"/>
  <testcase classname="Tests.TestVeeDoc_EndPointSession" name="Veedoc_BusyEndpoint" time="98.732"/>
</testsuite> <!-- Default test -->
